This is pdfTeX, Version 3.14159265-2.6-1.40.21 (TeX Live 2020) (preloaded format=pdflatex 2020.11.21)  22 NOV 2020 00:06
entering extended mode
 restricted \write18 enabled.
 %&-line parsing enabled.
**acknowledgement.tex
(./acknowledgement.tex
LaTeX2e <2020-02-02> patch level 5
L3 programming layer <2020-03-06>

! LaTeX Error: Missing \begin{document}.

See the LaTeX manual or LaTeX Companion for explanation.
Type  H <return>  for immediate help.
 ...                                              
                                                  
l.1 \begin{flushright}
                      
You're in trouble here.  Try typing  <return>  to proceed.
If that doesn't work, type  X <return>  to quit.


Overfull \hbox (20.0pt too wide) in paragraph at lines 1--1
[] 
 []


Overfull \hbox (7.43329pt too wide) in paragraph at lines 2--3
 \OT1/cmr/m/it/10 A
 []


Overfull \hbox (15.33325pt too wide) in paragraph at lines 2--3
 \OT1/cmr/m/it/10 mis
 []


Overfull \hbox (40.50531pt too wide) in paragraph at lines 2--3
 \OT1/cmr/m/it/10 amorosos
 []


Overfull \hbox (4.85551pt too wide) in paragraph at lines 2--3
 \OT1/cmr/m/it/10 y
 []


Overfull \hbox (26.06651pt too wide) in paragraph at lines 2--3
 \OT1/cmr/m/it/10 sabios
 []


Overfull \hbox (30.28311pt too wide) in paragraph at lines 2--3
 \OT1/cmr/m/it/10 padres,
 []


Overfull \hbox (5.11108pt too wide) in paragraph at lines 2--3
 \OT1/cmr/m/it/10 a
 []


Overfull \hbox (15.33325pt too wide) in paragraph at lines 2--3
 \OT1/cmr/m/it/10 mis
 []


Overfull \hbox (17.50542pt too wide) in paragraph at lines 2--3
 \OT1/cmr/m/it/10 her-
 []


Overfull \hbox (28.11096pt too wide) in paragraph at lines 2--3
 \OT1/cmr/m/it/10 manos
 []


Overfull \hbox (9.71104pt too wide) in paragraph at lines 2--3
 \OT1/cmr/m/it/10 de
 []


Overfull \hbox (18.39989pt too wide) in paragraph at lines 2--3
 \OT1/cmr/m/it/10 san-
 []


Overfull \hbox (12.90543pt too wide) in paragraph at lines 2--3
 \OT1/cmr/m/it/10 gre
 []


Overfull \hbox (4.85551pt too wide) in paragraph at lines 2--3
 \OT1/cmr/m/it/10 y
 []


Overfull \hbox (24.0221pt too wide) in paragraph at lines 2--3
 \OT1/cmr/m/it/10 alma,
 []


Overfull \hbox (5.11108pt too wide) in paragraph at lines 2--3
 \OT1/cmr/m/it/10 a
 []


Overfull \hbox (18.14432pt too wide) in paragraph at lines 2--3
 \OT1/cmr/m/it/10 toda
 []


Overfull \hbox (11.24438pt too wide) in paragraph at lines 2--3
 \OT1/cmr/m/it/10 mi
 []


Overfull \hbox (11.75548pt too wide) in paragraph at lines 2--3
 \OT1/cmr/m/it/10 fa-
 []


Overfull \hbox (21.97766pt too wide) in paragraph at lines 2--3
 \OT1/cmr/m/it/10 milia
 []


Overfull \hbox (4.85551pt too wide) in paragraph at lines 2--3
 \OT1/cmr/m/it/10 y
 []


Overfull \hbox (5.11108pt too wide) in paragraph at lines 2--3
 \OT1/cmr/m/it/10 a
 []


Overfull \hbox (15.33325pt too wide) in paragraph at lines 2--3
 \OT1/cmr/m/it/10 mis
 []


Overfull \hbox (32.83865pt too wide) in paragraph at lines 2--3
 \OT1/cmr/m/it/10 grandes
 []


Overfull \hbox (19.93321pt too wide) in paragraph at lines 2--3
 \OT1/cmr/m/it/10 ami-
 []


Overfull \hbox (13.79991pt too wide) in paragraph at lines 2--3
 \OT1/cmr/m/it/10 gos
 []


Overfull \hbox (9.71104pt too wide) in paragraph at lines 2--3
 \OT1/cmr/m/it/10 de
 []


Overfull \hbox (7.66663pt too wide) in paragraph at lines 2--3
 \OT1/cmr/m/it/10 la
 []


Overfull \hbox (20.95543pt too wide) in paragraph at lines 2--3
 \OT1/cmr/m/it/10 vida,
 []


Overfull \hbox (14.56656pt too wide) in paragraph at lines 2--3
 \OT1/cmr/m/it/10 que
 []


Overfull \hbox (12.7777pt too wide) in paragraph at lines 2--3
 \OT1/cmr/m/it/10 me
 []


Overfull \hbox (12.26657pt too wide) in paragraph at lines 2--3
 \OT1/cmr/m/it/10 tu-
 []


Overfull \hbox (26.70535pt too wide) in paragraph at lines 2--3
 \OT1/cmr/m/it/10 vieron
 []


Overfull \hbox (13.28879pt too wide) in paragraph at lines 2--3
 \OT1/cmr/m/it/10 pa-
 []


Overfull \hbox (21.4665pt too wide) in paragraph at lines 2--3
 \OT1/cmr/m/it/10 cien-
 []


Overfull \hbox (12.7777pt too wide) in paragraph at lines 2--3
 \OT1/cmr/m/it/10 cia
 []


Overfull \hbox (4.85551pt too wide) in paragraph at lines 2--3
 \OT1/cmr/m/it/10 y
 []


Overfull \hbox (12.7777pt too wide) in paragraph at lines 2--3
 \OT1/cmr/m/it/10 me
 []


Overfull \hbox (27.21648pt too wide) in paragraph at lines 2--3
 \OT1/cmr/m/it/10 dieron
 []


Overfull \hbox (9.4555pt too wide) in paragraph at lines 2--3
 \OT1/cmr/m/it/10 su
 []


Overfull \hbox (24.78873pt too wide) in paragraph at lines 2--3
 \OT1/cmr/m/it/10 apoyo
 []


Overfull \hbox (4.85551pt too wide) in paragraph at lines 2--3
 \OT1/cmr/m/it/10 y
 []


Overfull \hbox (18.39986pt too wide) in paragraph at lines 2--3
 \OT1/cmr/m/it/10 con-
 []


Overfull \hbox (9.19994pt too wide) in paragraph at lines 2--3
 \OT1/cmr/m/it/10 fi-
 []


Overfull \hbox (22.99988pt too wide) in paragraph at lines 2--3
 \OT1/cmr/m/it/10 anza.
 []

! Undefined control sequence.
l.3 \end{flushright}\lipsum
                           
The control sequence at the end of the top line
of your error message was never \def'ed. If you have
misspelled it (e.g., `\hobx'), type `I' and the correct
spelling (e.g., `I\hbox'). Otherwise just continue,
and I'll forget about whatever was undefined.

)
! Emergency stop.
<*> acknowledgement.tex
                       
*** (job aborted, no legal \end found)

 
Here is how much of TeX's memory you used:
 19 strings out of 480608
 439 string characters out of 5903629
 240610 words of memory out of 5000000
 16011 multiletter control sequences out of 15000+600000
 532684 words of font info for 25 fonts, out of 8000000 for 9000
 1141 hyphenation exceptions out of 8191
 13i,1n,15p,225b,96s stack positions out of 5000i,500n,10000p,200000b,80000s
!  ==> Fatal error occurred, no output PDF file produced!
